<?xml version="1.0" encoding="UTF-8"?>
<testng-results ignored="0" total="2" passed="2" failed="0" skipped="0">
  <reporter-output>
  </reporter-output>
  <suite started-at="2023-09-03T02:05:29 IST" name="Suite" finished-at="2023-09-03T02:06:18 IST" duration-ms="48741">
    <groups>
    </groups>
    <test started-at="2023-09-03T02:05:29 IST" name="Test" finished-at="2023-09-03T02:06:18 IST" duration-ms="48741">
      <class name="com.mbm.testcases.OrangeHRMTests">
        <test-method is-config="true" signature="setUp()[pri:0, instance:com.mbm.testcases.OrangeHRMTests@16ec5519]" started-at="2023-09-03T02:05:29 IST" name="setUp" finished-at="2023-09-03T02:05:45 IST" duration-ms="15510" status="PASS">
          <reporter-output>
          </reporter-output>
        </test-method> <!-- setUp -->
        <test-method signature="loginTest()[pri:0, instance:com.mbm.testcases.OrangeHRMTests@16ec5519]" started-at="2023-09-03T02:05:45 IST" name="loginTest" finished-at="2023-09-03T02:05:55 IST" duration-ms="9606" status="PASS">
          <reporter-output>
          </reporter-output>
        </test-method> <!-- loginTest -->
        <test-method is-config="true" signature="tearDown()[pri:0, instance:com.mbm.testcases.OrangeHRMTests@16ec5519]" started-at="2023-09-03T02:05:55 IST" name="tearDown" finished-at="2023-09-03T02:05:56 IST" duration-ms="1499" status="PASS">
          <reporter-output>
          </reporter-output>
        </test-method> <!-- tearDown -->
        <test-method is-config="true" signature="setUp()[pri:0, instance:com.mbm.testcases.OrangeHRMTests@16ec5519]" started-at="2023-09-03T02:05:56 IST" name="setUp" finished-at="2023-09-03T02:06:11 IST" duration-ms="14479" status="PASS">
          <reporter-output>
          </reporter-output>
        </test-method> <!-- setUp -->
        <test-method signature="logoutTest()[pri:0, instance:com.mbm.testcases.OrangeHRMTests@16ec5519]" started-at="2023-09-03T02:06:11 IST" name="logoutTest" finished-at="2023-09-03T02:06:17 IST" duration-ms="6728" status="PASS">
          <reporter-output>
          </reporter-output>
        </test-method> <!-- logoutTest -->
        <test-method is-config="true" signature="tearDown()[pri:0, instance:com.mbm.testcases.OrangeHRMTests@16ec5519]" started-at="2023-09-03T02:06:17 IST" name="tearDown" finished-at="2023-09-03T02:06:18 IST" duration-ms="804" status="PASS">
          <reporter-output>
          </reporter-output>
        </test-method> <!-- tearDown -->
      </class> <!-- com.mbm.testcases.OrangeHRMTests -->
    </test> <!-- Test -->
  </suite> <!-- Suite -->
</testng-results>
