<?xml version="1.0" encoding="UTF-8"?>
<testng-results ignored="0" total="1" passed="1" failed="0" skipped="0">
  <reporter-output>
  </reporter-output>
  <suite started-at="2023-09-02T23:48:50 IST" name="Suite" finished-at="2023-09-02T23:49:07 IST" duration-ms="17284">
    <groups>
    </groups>
    <test started-at="2023-09-02T23:48:50 IST" name="Test" finished-at="2023-09-02T23:49:07 IST" duration-ms="17284">
      <class name="com.mbm.testcases.OrangeHRMTests">
        <test-method is-config="true" signature="setUp()[pri:0, instance:com.mbm.testcases.OrangeHRMTests@4efbca5a]" started-at="2023-09-02T23:48:50 IST" name="setUp" finished-at="2023-09-02T23:49:02 IST" duration-ms="12480" status="PASS">
          <reporter-output>
          </reporter-output>
        </test-method> <!-- setUp -->
        <test-method signature="loginTest()[pri:0, instance:com.mbm.testcases.OrangeHRMTests@4efbca5a]" started-at="2023-09-02T23:49:02 IST" name="loginTest" finished-at="2023-09-02T23:49:07 IST" duration-ms="4114" status="PASS">
          <reporter-output>
          </reporter-output>
        </test-method> <!-- loginTest -->
        <test-method is-config="true" signature="tearDown()[pri:0, instance:com.mbm.testcases.OrangeHRMTests@4efbca5a]" started-at="2023-09-02T23:49:07 IST" name="tearDown" finished-at="2023-09-02T23:49:07 IST" duration-ms="576" status="PASS">
          <reporter-output>
          </reporter-output>
        </test-method> <!-- tearDown -->
      </class> <!-- com.mbm.testcases.OrangeHRMTests -->
    </test> <!-- Test -->
  </suite> <!-- Suite -->
</testng-results>
