<?xml version="1.0" encoding="UTF-8"?>
<testng-results ignored="0" total="2" passed="2" failed="0" skipped="0">
  <reporter-output>
  </reporter-output>
  <suite started-at="2023-09-03T01:56:24 IST" name="Suite" finished-at="2023-09-03T01:57:25 IST" duration-ms="60662">
    <groups>
    </groups>
    <test started-at="2023-09-03T01:56:24 IST" name="Test" finished-at="2023-09-03T01:57:25 IST" duration-ms="60662">
      <class name="com.mbm.testcases.OrangeHRMTests">
        <test-method is-config="true" signature="setUp()[pri:0, instance:com.mbm.testcases.OrangeHRMTests@1b7cc17c]" started-at="2023-09-03T01:56:25 IST" name="setUp" finished-at="2023-09-03T01:56:40 IST" duration-ms="15724" status="PASS">
          <reporter-output>
          </reporter-output>
        </test-method> <!-- setUp -->
        <test-method signature="loginTest()[pri:0, instance:com.mbm.testcases.OrangeHRMTests@1b7cc17c]" started-at="2023-09-03T01:56:40 IST" name="loginTest" finished-at="2023-09-03T01:56:55 IST" duration-ms="14741" status="PASS">
          <reporter-output>
          </reporter-output>
        </test-method> <!-- loginTest -->
        <test-method is-config="true" signature="tearDown()[pri:0, instance:com.mbm.testcases.OrangeHRMTests@1b7cc17c]" started-at="2023-09-03T01:56:55 IST" name="tearDown" finished-at="2023-09-03T01:56:56 IST" duration-ms="861" status="PASS">
          <reporter-output>
          </reporter-output>
        </test-method> <!-- tearDown -->
        <test-method is-config="true" signature="setUp()[pri:0, instance:com.mbm.testcases.OrangeHRMTests@1b7cc17c]" started-at="2023-09-03T01:56:56 IST" name="setUp" finished-at="2023-09-03T01:57:15 IST" duration-ms="18678" status="PASS">
          <reporter-output>
          </reporter-output>
        </test-method> <!-- setUp -->
        <test-method signature="logoutTest()[pri:0, instance:com.mbm.testcases.OrangeHRMTests@1b7cc17c]" started-at="2023-09-03T01:57:15 IST" name="logoutTest" finished-at="2023-09-03T01:57:24 IST" duration-ms="9845" status="PASS">
          <reporter-output>
          </reporter-output>
        </test-method> <!-- logoutTest -->
        <test-method is-config="true" signature="tearDown()[pri:0, instance:com.mbm.testcases.OrangeHRMTests@1b7cc17c]" started-at="2023-09-03T01:57:24 IST" name="tearDown" finished-at="2023-09-03T01:57:25 IST" duration-ms="703" status="PASS">
          <reporter-output>
          </reporter-output>
        </test-method> <!-- tearDown -->
      </class> <!-- com.mbm.testcases.OrangeHRMTests -->
    </test> <!-- Test -->
  </suite> <!-- Suite -->
</testng-results>
